<?xml version="1.0" encoding="UTF-8"?>
<!-- Generated by org.testng.reporters.JUnitReportReporter -->
<testsuite hostname="ABHI" failures="0" tests="1" name="Testcases.Flipkarttest" time="12.117" errors="0" timestamp="2025-08-13T12:30:00 IST" skipped="0">
  <testcase classname="Testcases.Flipkarttest" name="runOnSauceLabs" time="12.117"/>
</testsuite> <!-- Testcases.Flipkarttest -->
